<?xml version="1.0" encoding="UTF-8"?>
<testsuite name="HonestCalculatorTest" tests="1" skipped="0" failures="0" errors="0" timestamp="2025-11-05T11:44:17" hostname="TRAYANA" time="0.053">
  <properties/>
  <testcase name="start" classname="HonestCalculatorTest" time="0.053"/>
  <system-out><![CDATA[?[1;31m
Start test 1?[0m
Enter an equation
> 2 + 1.1
3.1
?[1;31m
Start test 2?[0m
Enter an equation
> 2 + m
Do you even know what numbers are? Stay focused!
Enter an equation
> 3 + 3
6.0
?[1;31m
Start test 3?[0m
Enter an equation
> 2 + m
Do you even know what numbers are? Stay focused!
Enter an equation
> 3 n 3
Yes ... an interesting math operation. You've slept through all classes, haven't you?
Enter an equation
> m - 2
Do you even know what numbers are? Stay focused!
Enter an equation
> 4 * 5
20.0
?[1;31m
Start test 4?[0m
Enter an equation
> 2 + m
Do you even know what numbers are? Stay focused!
Enter an equation
> 3 n 3
Yes ... an interesting math operation. You've slept through all classes, haven't you?
Enter an equation
> 4 / 0
Yeah... division by zero. Smart move...
Enter an equation
> 4 * 5.2
20.8
?[1;31m
Start test 5?[0m
Enter an equation
> 2.0 + 1
3.0
?[1;31m
Start test 6?[0m
Enter an equation
> 411 - 211
200.0
]]></system-out>
  <system-err><![CDATA[]]></system-err>
</testsuite>
